<?xml version="1.0" encoding="UTF-8"?>
<!-- Generated by org.testng.reporters.JUnitXMLReporter -->
<testsuite ignored="0" hostname="DESKTOP-EFP5MBC" failures="0" tests="5" name="Test" time="0.064" errors="0" timestamp="2023-04-18T11:12:45 ICT">
  <testcase classname="test.Day1" name="Day1_f4_dataProvider" time="0.006"/>
  <testcase classname="test.Day1" name="Day1_f4_dataProvider" time="0.001"/>
  <testcase classname="test.Day1" name="Day1_f4_dataProvider" time="0.001"/>
  <testcase classname="test.Day2" name="Day2_f1" time="0.001"/>
  <testcase classname="test.Day2" name="Day2_f2" time="0.001"/>
</testsuite> <!-- Test -->
