<?xml version="1.0" encoding="UTF-8"?>
<!-- Generated by org.testng.reporters.JUnitXMLReporter -->
<testsuite ignored="0" hostname="DESKTOP-EFP5MBC" failures="2" tests="5" name="UT2_login page2" time="0.034" errors="0" timestamp="2023-04-17T17:18:28 ICT">
  <testcase classname="test.Day1" name="Day1_f1" time="0.0">
    <failure type="org.testng.TestNGException" message="
Cannot inject @Test annotated Method [Day1_f1] with [class java.lang.String].
For more information on native dependency injection please refer to https://testng.org/doc/documentation-main.html#native-dependency-injection">
      <![CDATA[org.testng.TestNGException: 
Cannot inject @Test annotated Method [Day1_f1] with [class java.lang.String].
For more information on native dependency injection please refer to https://testng.org/doc/documentation-main.html#native-dependency-injection
at java.base/java.util.ArrayList.forEach(ArrayList.java:1511)
... Removed 26 stack frames]]>
    </failure>
  </testcase> <!-- Day1_f1 -->
  <testcase classname="test.Day1" name="Day1_f2" time="0.002"/>
  <testcase classname="test.Day1" name="Day1_f4_dataProvider" time="0.0">
    <failure type="org.testng.TestNGException" message="
Data Provider public void test.Day1.getData() returned a null value">
      <![CDATA[org.testng.TestNGException: 
Data Provider public void test.Day1.getData() returned a null value
at java.base/java.util.ArrayList.forEach(ArrayList.java:1511)
... Removed 24 stack frames]]>
    </failure>
  </testcase> <!-- Day1_f4_dataProvider -->
  <testcase classname="test.Day1" name="Day1_f3_mobile" time="0.001"/>
  <testcase classname="test.Day1" name="Day1_f5_Linux" time="0.0">
    <skipped/>
  </testcase> <!-- Day1_f5_Linux -->
</testsuite> <!-- UT2_login page2 -->
