<?xml version="1.0" encoding="UTF-8"?>
<!-- Generated by org.testng.reporters.JUnitXMLReporter -->
<testsuite ignored="0" hostname="DESKTOP-EFP5MBC" failures="0" tests="3" name="Default test" time="0.059" errors="0" timestamp="2023-04-17T17:23:09 ICT">
  <testcase classname="test.Day1" name="Day1_f4_dataProvider" time="0.005"/>
  <testcase classname="test.Day1" name="Day1_f4_dataProvider" time="0.001"/>
  <testcase classname="test.Day1" name="Day1_f4_dataProvider" time="0.001"/>
</testsuite> <!-- Default test -->
