<?xml version="1.0" encoding="UTF-8"?>
<!-- Generated by org.testng.reporters.JUnitXMLReporter -->
<testsuite ignored="3" hostname="DESKTOP-EFP5MBC" failures="0" tests="1" name="Test1" time="0.033" errors="0" timestamp="2023-04-12T20:22:01 ICT">
  <testcase classname="test.Day1" name="Day1_f3_mobile" time="0.005"/>
  <testcase classname="test.Day1" name="Day1_f4_web" time="0.0">
    <ignored/>
  </testcase> <!-- Day1_f4_web -->
  <testcase classname="test.Day1" name="Day1_f2" time="0.0">
    <ignored/>
  </testcase> <!-- Day1_f2 -->
  <testcase classname="test.Day1" name="Day1_f1" time="0.0">
    <ignored/>
  </testcase> <!-- Day1_f1 -->
</testsuite> <!-- Test1 -->
