<?xml version="1.0" encoding="UTF-8"?>
<!-- Generated by org.testng.reporters.JUnitXMLReporter -->
<testsuite ignored="3" hostname="DESKTOP-EFP5MBC" failures="0" tests="4" name="Test2" time="0.053" errors="0" timestamp="2023-04-17T16:49:46 ICT">
  <testcase classname="test.Day2" name="Day2_f1" time="0.007"/>
  <testcase classname="test.Day2" name="Day2_f2" time="0.001"/>
  <testcase classname="test.Day1" name="Day1_f2" time="0.001"/>
  <testcase classname="test.Day1" name="Day1_f3_mobile" time="0.001"/>
  <testcase classname="test.Day1" name="Day1_f4_web" time="0.0">
    <ignored/>
  </testcase> <!-- Day1_f4_web -->
  <testcase classname="test.Day1" name="Day1_f5_Linux" time="0.0">
    <ignored/>
  </testcase> <!-- Day1_f5_Linux -->
  <testcase classname="test.Day1" name="Day1_f1" time="0.0">
    <ignored/>
  </testcase> <!-- Day1_f1 -->
</testsuite> <!-- Test2 -->
