<?xml version="1.0" encoding="UTF-8"?>
<testng-results ignored="0" total="1" passed="1" failed="0" skipped="0">
  <reporter-output>
  </reporter-output>
  <suite started-at="2023-04-12T10:56:21 ICT" name="Default suite" finished-at="2023-04-12T10:56:21 ICT" duration-ms="56">
    <groups>
    </groups>
    <test started-at="2023-04-12T10:56:21 ICT" name="Default test" finished-at="2023-04-12T10:56:21 ICT" duration-ms="56">
      <class name="basicweb.StreamsTest">
        <test-method signature="streamFilter()[pri:0, instance:basicweb.StreamsTest@25ce9dc4]" started-at="2023-04-12T10:56:21 ICT" name="streamFilter" finished-at="2023-04-12T10:56:21 ICT" duration-ms="13" status="PASS">
          <reporter-output>
          </reporter-output>
        </test-method> <!-- streamFilter -->
      </class> <!-- basicweb.StreamsTest -->
    </test> <!-- Default test -->
  </suite> <!-- Default suite -->
</testng-results>
